TN:
SF:src/modules/appointments/services/CreateAppointmentService.ts
FN:73,__decorate
FN:73,__metadata
FN:73,__param
FN:73,__awaiter
FN:73,adopt
FN:73,fulfilled
FN:73,rejected
FN:73,step
FN:73,__generator
FN:73,sent
FN:73,g.<computed>
FN:73,verb
FN:73,step
FN:73,__importDefault
FN:20,CreateAppointmentService
FN:31,CreateAppointmentService.execute
FNF:16
FNH:14
FNDA:1,__decorate
FNDA:1,__metadata
FNDA:3,__param
FNDA:7,__awaiter
FNDA:8,adopt
FNDA:8,fulfilled
FNDA:0,rejected
FNDA:10,step
FNDA:7,__generator
FNDA:8,sent
FNDA:0,g.<computed>
FNDA:21,verb
FNDA:15,step
FNDA:1,__importDefault
FNDA:5,CreateAppointmentService
FNDA:7,CreateAppointmentService.execute
DA:1,1
DA:2,1
DA:3,1
DA:4,1
DA:5,1
DA:6,1
DA:7,1
DA:8,1
DA:9,1
DA:10,1
DA:11,1
DA:12,1
DA:13,1
DA:14,1
DA:15,1
DA:16,1
DA:17,1
DA:18,1
DA:19,1
DA:20,1
DA:21,5
DA:22,5
DA:23,5
DA:24,5
DA:25,5
DA:26,5
DA:27,5
DA:28,5
DA:29,5
DA:30,1
DA:31,1
DA:32,7
DA:33,7
DA:34,7
DA:35,3
DA:36,3
DA:37,4
DA:38,7
DA:39,1
DA:40,1
DA:41,3
DA:42,7
DA:43,1
DA:44,1
DA:45,2
DA:46,2
DA:47,2
DA:48,2
DA:49,7
DA:50,7
DA:51,0
DA:52,0
DA:53,7
DA:54,7
DA:55,7
DA:56,7
DA:57,7
DA:58,7
DA:59,7
DA:60,7
DA:61,7
DA:62,7
DA:63,7
DA:64,7
DA:65,7
DA:66,7
DA:67,7
DA:68,7
DA:69,7
DA:70,7
DA:71,1
DA:72,1
DA:73,1
LF:73
LH:71
BRDA:73,0,0,1
BRDA:73,1,0,1
BRDA:73,2,0,0
BRDA:73,3,0,0
BRDA:73,4,0,0
BRDA:73,5,0,0
BRDA:73,6,0,1
BRDA:73,7,0,3
BRDA:73,8,0,3
BRDA:73,9,0,7
BRDA:73,10,0,8
BRDA:73,11,0,0
BRDA:73,12,0,7
BRDA:73,13,0,8
BRDA:73,14,0,0
BRDA:73,15,0,10
BRDA:73,16,0,2
BRDA:73,17,0,8
BRDA:73,18,0,7
BRDA:73,19,0,8
BRDA:73,20,0,0
BRDA:73,21,0,21
BRDA:73,22,0,15
BRDA:73,23,0,15
BRDA:73,24,0,0
BRDA:73,25,0,30
BRDA:73,26,0,0
BRDA:73,27,0,0
BRDA:73,28,0,0
BRDA:73,29,0,0
BRDA:73,30,0,15
BRDA:73,31,0,15
BRDA:73,32,0,8
BRDA:73,33,0,0
BRDA:73,34,0,0
BRDA:73,35,0,7
BRDA:73,36,0,0
BRDA:73,37,0,2
BRDA:73,38,0,0
BRDA:73,39,0,0
BRDA:73,40,0,0
BRDA:73,41,0,0
BRDA:73,42,0,15
BRDA:73,43,0,10
BRDA:73,44,0,5
BRDA:73,45,0,15
BRDA:73,46,0,7
BRDA:73,47,0,5
BRDA:73,48,0,2
BRDA:73,49,0,0
BRDA:73,50,0,1
BRDA:73,51,0,0
BRDA:19,52,0,1
BRDA:20,53,0,5
BRDA:31,54,0,7
BRDA:73,55,0,7
BRDA:73,56,0,15
BRDA:73,57,0,7
BRDA:34,58,0,3
BRDA:36,59,0,4
BRDA:38,60,0,1
BRDA:40,61,0,3
BRDA:42,62,0,2
BRDA:42,63,0,1
BRDA:44,64,0,2
BRDA:73,65,0,2
BRDA:50,66,0,0
BRDA:73,67,0,2
BRDA:73,68,0,2
BRDA:73,69,0,2
BRF:70
BRH:48
end_of_record
TN:
SF:src/modules/appointments/services/ListProviderAppointmentsService.ts
FN:47,__decorate
FN:47,__metadata
FN:47,__param
FN:47,__awaiter
FN:47,adopt
FN:47,fulfilled
FN:47,rejected
FN:47,step
FN:47,__generator
FN:47,sent
FN:47,g.<computed>
FN:47,verb
FN:47,step
FN:18,ListProviderAppointmentsService
FN:26,ListProviderAppointmentsService.execute
FNF:15
FNH:13
FNDA:1,__decorate
FNDA:1,__metadata
FNDA:2,__param
FNDA:1,__awaiter
FNDA:3,adopt
FNDA:3,fulfilled
FNDA:0,rejected
FNDA:4,step
FNDA:1,__generator
FNDA:3,sent
FNDA:0,g.<computed>
FNDA:3,verb
FNDA:4,step
FNDA:1,ListProviderAppointmentsService
FNDA:1,ListProviderAppointmentsService.execute
DA:1,1
DA:2,1
DA:3,1
DA:4,1
DA:5,1
DA:6,1
DA:7,1
DA:8,1
DA:9,1
DA:10,1
DA:11,1
DA:12,1
DA:13,1
DA:14,1
DA:15,1
DA:16,1
DA:17,1
DA:18,1
DA:19,1
DA:20,1
DA:21,1
DA:22,1
DA:23,1
DA:24,1
DA:25,1
DA:26,1
DA:27,1
DA:28,1
DA:29,1
DA:30,1
DA:31,1
DA:32,1
DA:33,1
DA:34,1
DA:35,1
DA:36,1
DA:37,1
DA:38,1
DA:39,1
DA:40,1
DA:41,1
DA:42,1
DA:43,1
DA:44,1
DA:45,1
DA:46,1
DA:47,1
LF:47
LH:47
BRDA:47,0,0,1
BRDA:47,1,0,1
BRDA:47,2,0,0
BRDA:47,3,0,0
BRDA:47,4,0,0
BRDA:47,5,0,0
BRDA:47,6,0,1
BRDA:47,7,0,2
BRDA:47,8,0,2
BRDA:47,9,0,1
BRDA:47,10,0,3
BRDA:47,11,0,0
BRDA:47,12,0,1
BRDA:47,13,0,3
BRDA:47,14,0,0
BRDA:47,15,0,4
BRDA:47,16,0,1
BRDA:47,17,0,3
BRDA:47,18,0,1
BRDA:47,19,0,3
BRDA:47,20,0,0
BRDA:47,21,0,3
BRDA:47,22,0,4
BRDA:47,23,0,4
BRDA:47,24,0,0
BRDA:47,25,0,8
BRDA:47,26,0,0
BRDA:47,27,0,0
BRDA:47,28,0,0
BRDA:47,29,0,0
BRDA:47,30,0,4
BRDA:47,31,0,4
BRDA:47,32,0,3
BRDA:47,33,0,0
BRDA:47,34,0,0
BRDA:47,35,0,1
BRDA:47,36,0,0
BRDA:47,37,0,0
BRDA:47,38,0,0
BRDA:47,39,0,0
BRDA:47,40,0,0
BRDA:47,41,0,4
BRDA:47,42,0,0
BRDA:47,43,0,4
BRDA:47,44,0,1
BRDA:47,45,0,0
BRDA:47,46,0,1
BRDA:47,47,0,0
BRDA:17,48,0,1
BRDA:18,49,0,1
BRDA:26,50,0,1
BRDA:47,51,0,1
BRDA:47,52,0,4
BRDA:47,53,0,1
BRDA:47,54,0,1
BRDA:31,55,0,0
BRDA:47,56,0,1
BRDA:47,57,0,1
BRDA:43,58,0,1
BRF:59
BRH:36
end_of_record
TN:
SF:src/modules/appointments/services/ListProviderDayAvailabilityService.ts
FN:58,__decorate
FN:58,__metadata
FN:58,__param
FN:58,__awaiter
FN:58,adopt
FN:58,fulfilled
FN:58,rejected
FN:58,step
FN:58,__generator
FN:58,sent
FN:58,g.<computed>
FN:58,verb
FN:58,step
FN:21,ListProviderDayAvailabilityService
FN:26,ListProviderDayAvailabilityService.execute
FNF:15
FNH:13
FNDA:1,__decorate
FNDA:1,__metadata
FNDA:1,__param
FNDA:1,__awaiter
FNDA:1,adopt
FNDA:1,fulfilled
FNDA:0,rejected
FNDA:2,step
FNDA:1,__generator
FNDA:1,sent
FNDA:0,g.<computed>
FNDA:3,verb
FNDA:2,step
FNDA:1,ListProviderDayAvailabilityService
FNDA:1,ListProviderDayAvailabilityService.execute
DA:1,1
DA:2,1
DA:3,1
DA:4,1
DA:5,1
DA:6,1
DA:7,1
DA:8,1
DA:9,1
DA:10,1
DA:11,1
DA:12,1
DA:13,1
DA:14,1
DA:15,1
DA:16,1
DA:17,1
DA:18,1
DA:19,1
DA:20,1
DA:21,1
DA:22,1
DA:23,1
DA:24,1
DA:25,1
DA:26,1
DA:27,1
DA:28,1
DA:29,1
DA:30,1
DA:31,1
DA:32,1
DA:33,1
DA:34,1
DA:35,1
DA:36,1
DA:37,1
DA:38,1
DA:39,1
DA:40,1
DA:41,1
DA:42,1
DA:43,1
DA:44,10
DA:45,10
DA:46,10
DA:47,10
DA:48,10
DA:49,10
DA:50,10
DA:51,10
DA:52,1
DA:53,1
DA:54,1
DA:55,1
DA:56,1
DA:57,1
DA:58,1
LF:58
LH:58
BRDA:58,0,0,1
BRDA:58,1,0,1
BRDA:58,2,0,0
BRDA:58,3,0,0
BRDA:58,4,0,0
BRDA:58,5,0,0
BRDA:58,6,0,1
BRDA:58,7,0,1
BRDA:58,8,0,1
BRDA:58,9,0,1
BRDA:58,10,0,1
BRDA:58,11,0,0
BRDA:58,12,0,1
BRDA:58,13,0,1
BRDA:58,14,0,0
BRDA:58,15,0,2
BRDA:58,16,0,1
BRDA:58,17,0,1
BRDA:58,18,0,1
BRDA:58,19,0,1
BRDA:58,20,0,0
BRDA:58,21,0,3
BRDA:58,22,0,2
BRDA:58,23,0,2
BRDA:58,24,0,0
BRDA:58,25,0,4
BRDA:58,26,0,0
BRDA:58,27,0,0
BRDA:58,28,0,0
BRDA:58,29,0,0
BRDA:58,30,0,2
BRDA:58,31,0,2
BRDA:58,32,0,1
BRDA:58,33,0,0
BRDA:58,34,0,0
BRDA:58,35,0,1
BRDA:58,36,0,0
BRDA:58,37,0,0
BRDA:58,38,0,0
BRDA:58,39,0,0
BRDA:58,40,0,0
BRDA:58,41,0,2
BRDA:58,42,0,0
BRDA:58,43,0,2
BRDA:58,44,0,1
BRDA:58,45,0,0
BRDA:58,46,0,1
BRDA:58,47,0,0
BRDA:20,48,0,1
BRDA:21,49,0,1
BRDA:26,50,0,1
BRDA:58,51,0,1
BRDA:58,52,0,2
BRDA:27,53,0,1
BRDA:58,54,0,1
BRDA:38,55,0,10
BRDA:43,56,0,10
BRDA:50,57,0,8
BRDA:44,58,0,19
BRF:59
BRH:37
end_of_record
TN:
SF:src/modules/appointments/services/ListProviderMonthAvailabilityService.ts
FN:50,__decorate
FN:50,__metadata
FN:50,__param
FN:50,__awaiter
FN:50,adopt
FN:50,fulfilled
FN:50,rejected
FN:50,step
FN:50,__generator
FN:50,sent
FN:50,g.<computed>
FN:50,verb
FN:50,step
FN:20,ListProviderMonthAvailabilityService
FN:25,ListProviderMonthAvailabilityService.execute
FNF:15
FNH:13
FNDA:1,__decorate
FNDA:1,__metadata
FNDA:1,__param
FNDA:1,__awaiter
FNDA:1,adopt
FNDA:1,fulfilled
FNDA:0,rejected
FNDA:2,step
FNDA:1,__generator
FNDA:1,sent
FNDA:0,g.<computed>
FNDA:3,verb
FNDA:2,step
FNDA:1,ListProviderMonthAvailabilityService
FNDA:1,ListProviderMonthAvailabilityService.execute
DA:1,1
DA:2,1
DA:3,1
DA:4,1
DA:5,1
DA:6,1
DA:7,1
DA:8,1
DA:9,1
DA:10,1
DA:11,1
DA:12,1
DA:13,1
DA:14,1
DA:15,1
DA:16,1
DA:17,1
DA:18,1
DA:19,1
DA:20,1
DA:21,1
DA:22,1
DA:23,1
DA:24,1
DA:25,1
DA:26,1
DA:27,1
DA:28,1
DA:29,1
DA:30,1
DA:31,1
DA:32,1
DA:33,1
DA:34,1
DA:35,1
DA:36,1
DA:37,1
DA:38,1
DA:39,1
DA:40,1
DA:41,31
DA:42,31
DA:43,31
DA:44,1
DA:45,1
DA:46,1
DA:47,1
DA:48,1
DA:49,1
DA:50,1
LF:50
LH:50
BRDA:50,0,0,1
BRDA:50,1,0,1
BRDA:50,2,0,0
BRDA:50,3,0,0
BRDA:50,4,0,0
BRDA:50,5,0,0
BRDA:50,6,0,1
BRDA:50,7,0,1
BRDA:50,8,0,1
BRDA:50,9,0,1
BRDA:50,10,0,1
BRDA:50,11,0,0
BRDA:50,12,0,1
BRDA:50,13,0,1
BRDA:50,14,0,0
BRDA:50,15,0,2
BRDA:50,16,0,1
BRDA:50,17,0,1
BRDA:50,18,0,1
BRDA:50,19,0,1
BRDA:50,20,0,0
BRDA:50,21,0,3
BRDA:50,22,0,2
BRDA:50,23,0,2
BRDA:50,24,0,0
BRDA:50,25,0,4
BRDA:50,26,0,0
BRDA:50,27,0,0
BRDA:50,28,0,0
BRDA:50,29,0,0
BRDA:50,30,0,2
BRDA:50,31,0,2
BRDA:50,32,0,1
BRDA:50,33,0,0
BRDA:50,34,0,0
BRDA:50,35,0,1
BRDA:50,36,0,0
BRDA:50,37,0,0
BRDA:50,38,0,0
BRDA:50,39,0,0
BRDA:50,40,0,0
BRDA:50,41,0,2
BRDA:50,42,0,0
BRDA:50,43,0,2
BRDA:50,44,0,1
BRDA:50,45,0,0
BRDA:50,46,0,1
BRDA:50,47,0,0
BRDA:19,48,0,1
BRDA:20,49,0,1
BRDA:25,50,0,1
BRDA:50,51,0,1
BRDA:50,52,0,2
BRDA:26,53,0,1
BRDA:50,54,0,1
BRDA:37,55,0,31
BRDA:40,56,0,31
BRDA:41,57,0,341
BRF:58
BRH:36
end_of_record
TN:
SF:src/modules/appointments/services/ListProvidersService.ts
FN:37,__decorate
FN:37,__metadata
FN:37,__param
FN:37,__awaiter
FN:37,adopt
FN:37,fulfilled
FN:37,rejected
FN:37,step
FN:37,__generator
FN:37,sent
FN:37,g.<computed>
FN:37,verb
FN:37,step
FN:14,ListProvidersService
FN:22,ListProvidersService.execute
FNF:15
FNH:13
FNDA:1,__decorate
FNDA:1,__metadata
FNDA:2,__param
FNDA:1,__awaiter
FNDA:2,adopt
FNDA:2,fulfilled
FNDA:0,rejected
FNDA:3,step
FNDA:1,__generator
FNDA:2,sent
FNDA:0,g.<computed>
FNDA:3,verb
FNDA:3,step
FNDA:1,ListProvidersService
FNDA:1,ListProvidersService.execute
DA:1,1
DA:2,1
DA:3,1
DA:4,1
DA:5,1
DA:6,1
DA:7,1
DA:8,1
DA:9,1
DA:10,1
DA:11,1
DA:12,1
DA:13,1
DA:14,1
DA:15,1
DA:16,1
DA:17,1
DA:18,1
DA:19,1
DA:20,1
DA:21,1
DA:22,1
DA:23,1
DA:24,1
DA:25,1
DA:26,1
DA:27,1
DA:28,1
DA:29,1
DA:30,1
DA:31,1
DA:32,1
DA:33,1
DA:34,1
DA:35,1
DA:36,1
DA:37,1
LF:37
LH:37
BRDA:37,0,0,1
BRDA:37,1,0,1
BRDA:37,2,0,0
BRDA:37,3,0,0
BRDA:37,4,0,0
BRDA:37,5,0,0
BRDA:37,6,0,1
BRDA:37,7,0,2
BRDA:37,8,0,2
BRDA:37,9,0,1
BRDA:37,10,0,2
BRDA:37,11,0,0
BRDA:37,12,0,1
BRDA:37,13,0,2
BRDA:37,14,0,0
BRDA:37,15,0,3
BRDA:37,16,0,1
BRDA:37,17,0,2
BRDA:37,18,0,1
BRDA:37,19,0,2
BRDA:37,20,0,0
BRDA:37,21,0,3
BRDA:37,22,0,3
BRDA:37,23,0,3
BRDA:37,24,0,0
BRDA:37,25,0,6
BRDA:37,26,0,0
BRDA:37,27,0,0
BRDA:37,28,0,0
BRDA:37,29,0,0
BRDA:37,30,0,3
BRDA:37,31,0,3
BRDA:37,32,0,2
BRDA:37,33,0,0
BRDA:37,34,0,0
BRDA:37,35,0,1
BRDA:37,36,0,0
BRDA:37,37,0,0
BRDA:37,38,0,0
BRDA:37,39,0,0
BRDA:37,40,0,0
BRDA:37,41,0,3
BRDA:37,42,0,0
BRDA:37,43,0,3
BRDA:37,44,0,1
BRDA:37,45,0,0
BRDA:37,46,0,1
BRDA:37,47,0,0
BRDA:13,48,0,1
BRDA:14,49,0,1
BRDA:22,50,0,1
BRDA:37,51,0,1
BRDA:37,52,0,3
BRDA:23,53,0,1
BRDA:37,54,0,1
BRDA:25,55,0,0
BRDA:37,56,0,1
BRDA:33,57,0,1
BRF:58
BRH:35
end_of_record
TN:
SF:src/modules/users/services/AuthenticateUserService.ts
FN:58,__decorate
FN:58,__metadata
FN:58,__param
FN:58,__awaiter
FN:58,adopt
FN:58,fulfilled
FN:58,rejected
FN:58,step
FN:58,__generator
FN:58,sent
FN:58,g.<computed>
FN:58,verb
FN:58,step
FN:58,__importDefault
FN:23,AuthenticateUserService
FN:31,AuthenticateUserService.execute
FNF:16
FNH:14
FNDA:1,__decorate
FNDA:1,__metadata
FNDA:2,__param
FNDA:3,__awaiter
FNDA:5,adopt
FNDA:5,fulfilled
FNDA:0,rejected
FNDA:6,step
FNDA:3,__generator
FNDA:5,sent
FNDA:0,g.<computed>
FNDA:9,verb
FNDA:8,step
FNDA:2,__importDefault
FNDA:3,AuthenticateUserService
FNDA:3,AuthenticateUserService.execute
DA:1,1
DA:2,1
DA:3,1
DA:4,1
DA:5,1
DA:6,1
DA:7,1
DA:8,1
DA:9,1
DA:10,1
DA:11,1
DA:12,1
DA:13,1
DA:14,1
DA:15,1
DA:16,1
DA:17,1
DA:18,1
DA:19,1
DA:20,1
DA:21,1
DA:22,1
DA:23,1
DA:24,3
DA:25,3
DA:26,3
DA:27,3
DA:28,3
DA:29,3
DA:30,1
DA:31,1
DA:32,3
DA:33,3
DA:34,3
DA:35,1
DA:36,1
DA:37,2
DA:38,2
DA:39,3
DA:40,3
DA:41,1
DA:42,1
DA:43,1
DA:44,1
DA:45,1
DA:46,1
DA:47,1
DA:48,1
DA:49,1
DA:50,1
DA:51,1
DA:52,1
DA:53,1
DA:54,1
DA:55,3
DA:56,1
DA:57,1
DA:58,1
LF:58
LH:58
BRDA:58,0,0,1
BRDA:58,1,0,1
BRDA:58,2,0,0
BRDA:58,3,0,0
BRDA:58,4,0,0
BRDA:58,5,0,0
BRDA:58,6,0,1
BRDA:58,7,0,2
BRDA:58,8,0,2
BRDA:58,9,0,3
BRDA:58,10,0,5
BRDA:58,11,0,0
BRDA:58,12,0,3
BRDA:58,13,0,5
BRDA:58,14,0,3
BRDA:58,15,0,2
BRDA:58,16,0,6
BRDA:58,17,0,1
BRDA:58,18,0,5
BRDA:58,19,0,3
BRDA:58,20,0,5
BRDA:58,21,0,0
BRDA:58,22,0,9
BRDA:58,23,0,8
BRDA:58,24,0,8
BRDA:58,25,0,0
BRDA:58,26,0,16
BRDA:58,27,0,0
BRDA:58,28,0,0
BRDA:58,29,0,0
BRDA:58,30,0,0
BRDA:58,31,0,8
BRDA:58,32,0,8
BRDA:58,33,0,5
BRDA:58,34,0,0
BRDA:58,35,0,0
BRDA:58,36,0,3
BRDA:58,37,0,0
BRDA:58,38,0,1
BRDA:58,39,0,0
BRDA:58,40,0,0
BRDA:58,41,0,0
BRDA:58,42,0,0
BRDA:58,43,0,8
BRDA:58,44,0,6
BRDA:58,45,0,2
BRDA:58,46,0,8
BRDA:58,47,0,3
BRDA:58,48,0,2
BRDA:58,49,0,1
BRDA:58,50,0,0
BRDA:58,51,0,2
BRDA:58,52,0,0
BRDA:22,53,0,1
BRDA:23,54,0,3
BRDA:31,55,0,3
BRDA:58,56,0,3
BRDA:58,57,0,8
BRDA:32,58,0,3
BRDA:58,59,0,3
BRDA:34,60,0,1
BRDA:36,61,0,2
BRDA:58,62,0,2
BRDA:40,63,0,1
BRF:64
BRH:44
end_of_record
TN:
SF:src/modules/users/services/CreateUserService.ts
FN:50,__decorate
FN:50,__metadata
FN:50,__param
FN:50,__awaiter
FN:50,adopt
FN:50,fulfilled
FN:50,rejected
FN:50,step
FN:50,__generator
FN:50,sent
FN:50,g.<computed>
FN:50,verb
FN:50,step
FN:50,__importDefault
FN:18,CreateUserService
FN:29,CreateUserService.execute
FNF:16
FNH:14
FNDA:2,__decorate
FNDA:2,__metadata
FNDA:6,__param
FNDA:5,__awaiter
FNDA:17,adopt
FNDA:17,fulfilled
FNDA:0,rejected
FNDA:21,step
FNDA:5,__generator
FNDA:17,sent
FNDA:0,g.<computed>
FNDA:15,verb
FNDA:22,step
FNDA:2,__importDefault
FNDA:5,CreateUserService
FNDA:5,CreateUserService.execute
DA:1,1
DA:2,1
DA:3,1
DA:4,1
DA:5,1
DA:6,1
DA:7,1
DA:8,1
DA:9,1
DA:10,1
DA:11,1
DA:12,1
DA:13,1
DA:14,1
DA:15,1
DA:16,1
DA:17,2
DA:18,2
DA:19,5
DA:20,5
DA:21,5
DA:22,5
DA:23,5
DA:24,5
DA:25,5
DA:26,5
DA:27,5
DA:28,2
DA:29,2
DA:30,5
DA:31,5
DA:32,5
DA:33,1
DA:34,1
DA:35,4
DA:36,4
DA:37,5
DA:38,5
DA:39,5
DA:40,5
DA:41,5
DA:42,5
DA:43,5
DA:44,5
DA:45,5
DA:46,5
DA:47,5
DA:48,2
DA:49,1
DA:50,1
LF:50
LH:50
BRDA:50,0,0,2
BRDA:50,1,0,2
BRDA:50,2,0,0
BRDA:50,3,0,0
BRDA:50,4,0,0
BRDA:50,5,0,0
BRDA:50,6,0,2
BRDA:50,7,0,6
BRDA:50,8,0,6
BRDA:50,9,0,5
BRDA:50,10,0,17
BRDA:50,11,0,0
BRDA:50,12,0,5
BRDA:50,13,0,17
BRDA:50,14,0,16
BRDA:50,15,0,1
BRDA:50,16,0,21
BRDA:50,17,0,4
BRDA:50,18,0,17
BRDA:50,19,0,5
BRDA:50,20,0,17
BRDA:50,21,0,0
BRDA:50,22,0,15
BRDA:50,23,0,22
BRDA:50,24,0,22
BRDA:50,25,0,0
BRDA:50,26,0,44
BRDA:50,27,0,0
BRDA:50,28,0,0
BRDA:50,29,0,0
BRDA:50,30,0,0
BRDA:50,31,0,22
BRDA:50,32,0,22
BRDA:50,33,0,17
BRDA:50,34,0,0
BRDA:50,35,0,0
BRDA:50,36,0,5
BRDA:50,37,0,0
BRDA:50,38,0,4
BRDA:50,39,0,0
BRDA:50,40,0,0
BRDA:50,41,0,0
BRDA:50,42,0,0
BRDA:50,43,0,34
BRDA:50,44,0,22
BRDA:50,45,0,21
BRDA:50,46,0,1
BRDA:50,47,0,22
BRDA:50,48,0,5
BRDA:50,49,0,1
BRDA:50,50,0,4
BRDA:50,51,0,0
BRDA:50,52,0,2
BRDA:50,53,0,0
BRDA:17,54,0,2
BRDA:18,55,0,5
BRDA:29,56,0,5
BRDA:50,57,0,5
BRDA:50,58,0,22
BRDA:30,59,0,5
BRDA:50,60,0,5
BRDA:32,61,0,1
BRDA:34,62,0,4
BRDA:50,63,0,4
BRDA:50,64,0,4
BRDA:50,65,0,4
BRF:66
BRH:46
end_of_record
TN:
SF:src/modules/users/services/ResetPasswordService.ts
FN:54,__decorate
FN:54,__metadata
FN:54,__param
FN:54,__awaiter
FN:54,adopt
FN:54,fulfilled
FN:54,rejected
FN:54,step
FN:54,__generator
FN:54,sent
FN:54,g.<computed>
FN:54,verb
FN:54,step
FN:54,__importDefault
FN:17,ResetPasswordService
FN:28,ResetPasswordService.execute
FNF:16
FNH:14
FNDA:1,__decorate
FNDA:1,__metadata
FNDA:3,__param
FNDA:4,__awaiter
FNDA:9,adopt
FNDA:9,fulfilled
FNDA:0,rejected
FNDA:10,step
FNDA:4,__generator
FNDA:9,sent
FNDA:0,g.<computed>
FNDA:12,verb
FNDA:13,step
FNDA:1,__importDefault
FNDA:4,ResetPasswordService
FNDA:4,ResetPasswordService.execute
DA:1,1
DA:2,1
DA:3,1
DA:4,1
DA:5,1
DA:6,1
DA:7,1
DA:8,1
DA:9,1
DA:10,1
DA:11,1
DA:12,1
DA:13,1
DA:14,1
DA:15,1
DA:16,1
DA:17,1
DA:18,4
DA:19,4
DA:20,4
DA:21,4
DA:22,4
DA:23,4
DA:24,4
DA:25,4
DA:26,4
DA:27,1
DA:28,1
DA:29,4
DA:30,4
DA:31,4
DA:32,1
DA:33,1
DA:34,3
DA:35,3
DA:36,4
DA:37,4
DA:38,1
DA:39,1
DA:40,2
DA:41,2
DA:42,2
DA:43,2
DA:44,4
DA:45,1
DA:46,1
DA:47,1
DA:48,1
DA:49,4
DA:50,4
DA:51,4
DA:52,1
DA:53,1
DA:54,1
LF:54
LH:54
BRDA:54,0,0,1
BRDA:54,1,0,1
BRDA:54,2,0,0
BRDA:54,3,0,0
BRDA:54,4,0,0
BRDA:54,5,0,0
BRDA:54,6,0,1
BRDA:54,7,0,3
BRDA:54,8,0,3
BRDA:54,9,0,4
BRDA:54,10,0,9
BRDA:54,11,0,0
BRDA:54,12,0,4
BRDA:54,13,0,9
BRDA:54,14,0,6
BRDA:54,15,0,3
BRDA:54,16,0,10
BRDA:54,17,0,1
BRDA:54,18,0,9
BRDA:54,19,0,4
BRDA:54,20,0,9
BRDA:54,21,0,0
BRDA:54,22,0,12
BRDA:54,23,0,13
BRDA:54,24,0,13
BRDA:54,25,0,0
BRDA:54,26,0,26
BRDA:54,27,0,0
BRDA:54,28,0,0
BRDA:54,29,0,0
BRDA:54,30,0,0
BRDA:54,31,0,13
BRDA:54,32,0,13
BRDA:54,33,0,9
BRDA:54,34,0,0
BRDA:54,35,0,0
BRDA:54,36,0,4
BRDA:54,37,0,0
BRDA:54,38,0,1
BRDA:54,39,0,0
BRDA:54,40,0,0
BRDA:54,41,0,0
BRDA:54,42,0,0
BRDA:54,43,0,13
BRDA:54,44,0,10
BRDA:54,45,0,3
BRDA:54,46,0,13
BRDA:54,47,0,4
BRDA:54,48,0,3
BRDA:54,49,0,1
BRDA:54,50,0,0
BRDA:54,51,0,1
BRDA:54,52,0,0
BRDA:16,53,0,1
BRDA:17,54,0,4
BRDA:28,55,0,4
BRDA:54,56,0,4
BRDA:54,57,0,13
BRDA:29,58,0,4
BRDA:54,59,0,4
BRDA:31,60,0,1
BRDA:33,61,0,3
BRDA:54,62,0,3
BRDA:37,63,0,1
BRDA:39,64,0,2
BRDA:44,65,0,1
BRDA:54,66,0,1
BRDA:54,67,0,1
BRF:68
BRH:48
end_of_record
TN:
SF:src/modules/users/services/SendForgotPasswordEmailService.ts
FN:55,__decorate
FN:55,__metadata
FN:55,__param
FN:55,__awaiter
FN:55,adopt
FN:55,fulfilled
FN:55,rejected
FN:55,step
FN:55,__generator
FN:55,sent
FN:55,g.<computed>
FN:55,verb
FN:55,step
FN:55,__importDefault
FN:16,SendForgotPasswordEmailService
FN:27,SendForgotPasswordEmailService.execute
FNF:16
FNH:14
FNDA:1,__decorate
FNDA:1,__metadata
FNDA:3,__param
FNDA:3,__awaiter
FNDA:7,adopt
FNDA:7,fulfilled
FNDA:0,rejected
FNDA:9,step
FNDA:3,__generator
FNDA:7,sent
FNDA:0,g.<computed>
FNDA:9,verb
FNDA:10,step
FNDA:2,__importDefault
FNDA:3,SendForgotPasswordEmailService
FNDA:3,SendForgotPasswordEmailService.execute
DA:1,1
DA:2,1
DA:3,1
DA:4,1
DA:5,1
DA:6,1
DA:7,1
DA:8,1
DA:9,1
DA:10,1
DA:11,1
DA:12,1
DA:13,1
DA:14,1
DA:15,1
DA:16,1
DA:17,3
DA:18,3
DA:19,3
DA:20,3
DA:21,3
DA:22,3
DA:23,3
DA:24,3
DA:25,3
DA:26,1
DA:27,1
DA:28,3
DA:29,3
DA:30,3
DA:31,1
DA:32,1
DA:33,2
DA:34,2
DA:35,3
DA:36,3
DA:37,3
DA:38,3
DA:39,3
DA:40,3
DA:41,3
DA:42,3
DA:43,3
DA:44,3
DA:45,3
DA:46,3
DA:47,3
DA:48,3
DA:49,3
DA:50,3
DA:51,3
DA:52,3
DA:53,1
DA:54,1
DA:55,1
LF:55
LH:55
BRDA:55,0,0,1
BRDA:55,1,0,1
BRDA:55,2,0,0
BRDA:55,3,0,0
BRDA:55,4,0,0
BRDA:55,5,0,0
BRDA:55,6,0,1
BRDA:55,7,0,3
BRDA:55,8,0,3
BRDA:55,9,0,3
BRDA:55,10,0,7
BRDA:55,11,0,0
BRDA:55,12,0,3
BRDA:55,13,0,7
BRDA:55,14,0,6
BRDA:55,15,0,1
BRDA:55,16,0,9
BRDA:55,17,0,2
BRDA:55,18,0,7
BRDA:55,19,0,3
BRDA:55,20,0,7
BRDA:55,21,0,0
BRDA:55,22,0,9
BRDA:55,23,0,10
BRDA:55,24,0,10
BRDA:55,25,0,0
BRDA:55,26,0,20
BRDA:55,27,0,0
BRDA:55,28,0,0
BRDA:55,29,0,0
BRDA:55,30,0,0
BRDA:55,31,0,10
BRDA:55,32,0,10
BRDA:55,33,0,7
BRDA:55,34,0,0
BRDA:55,35,0,0
BRDA:55,36,0,3
BRDA:55,37,0,0
BRDA:55,38,0,2
BRDA:55,39,0,0
BRDA:55,40,0,0
BRDA:55,41,0,0
BRDA:55,42,0,0
BRDA:55,43,0,10
BRDA:55,44,0,9
BRDA:55,45,0,1
BRDA:55,46,0,10
BRDA:55,47,0,3
BRDA:55,48,0,1
BRDA:55,49,0,2
BRDA:55,50,0,0
BRDA:55,51,0,2
BRDA:55,52,0,1
BRDA:55,53,0,1
BRDA:15,54,0,1
BRDA:16,55,0,3
BRDA:27,56,0,3
BRDA:55,57,0,3
BRDA:55,58,0,10
BRDA:28,59,0,3
BRDA:55,60,0,3
BRDA:30,61,0,1
BRDA:32,62,0,2
BRDA:55,63,0,2
BRDA:55,64,0,2
BRF:65
BRH:46
end_of_record
TN:
SF:src/modules/users/services/ShowProfileService.ts
FN:30,__decorate
FN:30,__metadata
FN:30,__param
FN:30,__awaiter
FN:30,adopt
FN:30,fulfilled
FN:30,rejected
FN:30,step
FN:30,__generator
FN:30,sent
FN:30,g.<computed>
FN:30,verb
FN:30,step
FN:30,__importDefault
FN:14,ShowProfileService
FN:19,ShowProfileService.execute
FNF:16
FNH:14
FNDA:1,__decorate
FNDA:1,__metadata
FNDA:1,__param
FNDA:2,__awaiter
FNDA:2,adopt
FNDA:2,fulfilled
FNDA:0,rejected
FNDA:3,step
FNDA:2,__generator
FNDA:2,sent
FNDA:0,g.<computed>
FNDA:6,verb
FNDA:4,step
FNDA:1,__importDefault
FNDA:2,ShowProfileService
FNDA:2,ShowProfileService.execute
DA:1,1
DA:2,1
DA:3,1
DA:4,1
DA:5,1
DA:6,1
DA:7,1
DA:8,1
DA:9,1
DA:10,1
DA:11,1
DA:12,1
DA:13,1
DA:14,1
DA:15,2
DA:16,2
DA:17,2
DA:18,1
DA:19,1
DA:20,2
DA:21,2
DA:22,2
DA:23,1
DA:24,1
DA:25,1
DA:26,1
DA:27,2
DA:28,1
DA:29,1
DA:30,1
LF:30
LH:30
BRDA:30,0,0,1
BRDA:30,1,0,1
BRDA:30,2,0,0
BRDA:30,3,0,0
BRDA:30,4,0,0
BRDA:30,5,0,0
BRDA:30,6,0,1
BRDA:30,7,0,1
BRDA:30,8,0,1
BRDA:30,9,0,2
BRDA:30,10,0,2
BRDA:30,11,0,0
BRDA:30,12,0,2
BRDA:30,13,0,2
BRDA:30,14,0,1
BRDA:30,15,0,3
BRDA:30,16,0,1
BRDA:30,17,0,2
BRDA:30,18,0,2
BRDA:30,19,0,2
BRDA:30,20,0,0
BRDA:30,21,0,6
BRDA:30,22,0,4
BRDA:30,23,0,4
BRDA:30,24,0,0
BRDA:30,25,0,8
BRDA:30,26,0,0
BRDA:30,27,0,0
BRDA:30,28,0,0
BRDA:30,29,0,0
BRDA:30,30,0,4
BRDA:30,31,0,4
BRDA:30,32,0,2
BRDA:30,33,0,0
BRDA:30,34,0,0
BRDA:30,35,0,2
BRDA:30,36,0,0
BRDA:30,37,0,1
BRDA:30,38,0,0
BRDA:30,39,0,0
BRDA:30,40,0,0
BRDA:30,41,0,0
BRDA:30,42,0,4
BRDA:30,43,0,3
BRDA:30,44,0,1
BRDA:30,45,0,4
BRDA:30,46,0,2
BRDA:30,47,0,1
BRDA:30,48,0,0
BRDA:30,49,0,1
BRDA:30,50,0,0
BRDA:13,51,0,1
BRDA:14,52,0,2
BRDA:19,53,0,2
BRDA:30,54,0,2
BRDA:30,55,0,4
BRDA:20,56,0,2
BRDA:30,57,0,2
BRDA:22,58,0,1
BRF:59
BRH:39
end_of_record
TN:
SF:src/modules/users/services/UpdateProfileService.ts
FN:67,__decorate
FN:67,__metadata
FN:67,__param
FN:67,__awaiter
FN:67,adopt
FN:67,fulfilled
FN:67,rejected
FN:67,step
FN:67,__generator
FN:67,sent
FN:67,g.<computed>
FN:67,verb
FN:67,step
FN:67,__importDefault
FN:19,UpdateProfileService
FN:27,UpdateProfileService.execute
FNF:16
FNH:14
FNDA:1,__decorate
FNDA:1,__metadata
FNDA:2,__param
FNDA:6,__awaiter
FNDA:16,adopt
FNDA:16,fulfilled
FNDA:0,rejected
FNDA:18,step
FNDA:6,__generator
FNDA:16,sent
FNDA:0,g.<computed>
FNDA:18,verb
FNDA:22,step
FNDA:1,__importDefault
FNDA:6,UpdateProfileService
FNDA:6,UpdateProfileService.execute
DA:1,1
DA:2,1
DA:3,1
DA:4,1
DA:5,1
DA:6,1
DA:7,1
DA:8,1
DA:9,1
DA:10,1
DA:11,1
DA:12,1
DA:13,1
DA:14,1
DA:15,1
DA:16,1
DA:17,1
DA:18,1
DA:19,1
DA:20,6
DA:21,6
DA:22,6
DA:23,6
DA:24,6
DA:25,6
DA:26,1
DA:27,1
DA:28,6
DA:29,6
DA:30,6
DA:31,1
DA:32,1
DA:33,5
DA:34,5
DA:35,6
DA:36,6
DA:37,1
DA:38,1
DA:39,4
DA:40,4
DA:41,4
DA:42,4
DA:43,6
DA:44,1
DA:45,1
DA:46,3
DA:47,3
DA:48,3
DA:49,6
DA:50,2
DA:51,6
DA:52,6
DA:53,6
DA:54,6
DA:55,6
DA:56,6
DA:57,6
DA:58,1
DA:59,6
DA:60,6
DA:61,6
DA:62,6
DA:63,6
DA:64,6
DA:65,1
DA:66,1
DA:67,1
LF:67
LH:67
BRDA:67,0,0,1
BRDA:67,1,0,1
BRDA:67,2,0,0
BRDA:67,3,0,0
BRDA:67,4,0,0
BRDA:67,5,0,0
BRDA:67,6,0,1
BRDA:67,7,0,2
BRDA:67,8,0,2
BRDA:67,9,0,6
BRDA:67,10,0,16
BRDA:67,11,0,0
BRDA:67,12,0,6
BRDA:67,13,0,16
BRDA:67,14,0,12
BRDA:67,15,0,4
BRDA:67,16,0,18
BRDA:67,17,0,2
BRDA:67,18,0,16
BRDA:67,19,0,6
BRDA:67,20,0,16
BRDA:67,21,0,0
BRDA:67,22,0,18
BRDA:67,23,0,22
BRDA:67,24,0,22
BRDA:67,25,0,0
BRDA:67,26,0,46
BRDA:67,27,0,0
BRDA:67,28,0,0
BRDA:67,29,0,0
BRDA:67,30,0,0
BRDA:67,31,0,22
BRDA:67,32,0,22
BRDA:67,33,0,16
BRDA:67,34,0,0
BRDA:67,35,0,0
BRDA:67,36,0,8
BRDA:67,37,0,0
BRDA:67,38,0,4
BRDA:67,39,0,6
BRDA:67,40,0,2
BRDA:67,41,0,0
BRDA:67,42,0,2
BRDA:67,43,0,0
BRDA:67,44,0,0
BRDA:67,45,0,0
BRDA:67,46,0,24
BRDA:67,47,0,20
BRDA:67,48,0,4
BRDA:67,49,0,24
BRDA:67,50,0,6
BRDA:67,51,0,4
BRDA:67,52,0,2
BRDA:67,53,0,0
BRDA:67,54,0,1
BRDA:67,55,0,0
BRDA:18,56,0,1
BRDA:19,57,0,6
BRDA:27,58,0,6
BRDA:67,59,0,6
BRDA:67,60,0,24
BRDA:28,61,0,6
BRDA:67,62,0,6
BRDA:30,63,0,1
BRDA:32,64,0,5
BRDA:67,65,0,5
BRDA:36,66,0,1
BRDA:36,67,0,1
BRDA:38,68,0,4
BRDA:43,69,0,3
BRDA:43,70,0,1
BRDA:45,71,0,3
BRDA:49,72,0,2
BRDA:49,73,0,1
BRDA:49,74,0,2
BRDA:67,75,0,2
BRDA:67,76,0,1
BRDA:67,77,0,2
BRDA:57,78,0,1
BRDA:67,79,0,1
BRDA:61,80,0,2
BRDA:67,81,0,2
BRF:82
BRH:62
end_of_record
TN:
SF:src/modules/users/services/UpdateUserAvatarService.ts
FN:49,__decorate
FN:49,__metadata
FN:49,__param
FN:49,__awaiter
FN:49,adopt
FN:49,fulfilled
FN:49,rejected
FN:49,step
FN:49,__generator
FN:49,sent
FN:49,g.<computed>
FN:49,verb
FN:49,step
FN:49,__importDefault
FN:16,UpdateUserAvatarService
FN:24,UpdateUserAvatarService.execute
FNF:16
FNH:14
FNDA:1,__decorate
FNDA:1,__metadata
FNDA:2,__param
FNDA:4,__awaiter
FNDA:11,adopt
FNDA:11,fulfilled
FNDA:0,rejected
FNDA:14,step
FNDA:4,__generator
FNDA:11,sent
FNDA:0,g.<computed>
FNDA:12,verb
FNDA:15,step
FNDA:1,__importDefault
FNDA:3,UpdateUserAvatarService
FNDA:4,UpdateUserAvatarService.execute
DA:1,1
DA:2,1
DA:3,1
DA:4,1
DA:5,1
DA:6,1
DA:7,1
DA:8,1
DA:9,1
DA:10,1
DA:11,1
DA:12,1
DA:13,1
DA:14,1
DA:15,1
DA:16,1
DA:17,3
DA:18,3
DA:19,3
DA:20,3
DA:21,3
DA:22,3
DA:23,1
DA:24,1
DA:25,4
DA:26,4
DA:27,4
DA:28,4
DA:29,1
DA:30,1
DA:31,1
DA:32,1
DA:33,1
DA:34,3
DA:35,3
DA:36,1
DA:37,4
DA:38,4
DA:39,4
DA:40,4
DA:41,4
DA:42,4
DA:43,4
DA:44,4
DA:45,4
DA:46,4
DA:47,1
DA:48,1
DA:49,1
LF:49
LH:49
BRDA:49,0,0,1
BRDA:49,1,0,1
BRDA:49,2,0,0
BRDA:49,3,0,0
BRDA:49,4,0,0
BRDA:49,5,0,0
BRDA:49,6,0,1
BRDA:49,7,0,2
BRDA:49,8,0,2
BRDA:49,9,0,4
BRDA:49,10,0,11
BRDA:49,11,0,0
BRDA:49,12,0,4
BRDA:49,13,0,11
BRDA:49,14,0,10
BRDA:49,15,0,1
BRDA:49,16,0,14
BRDA:49,17,0,3
BRDA:49,18,0,11
BRDA:49,19,0,4
BRDA:49,20,0,11
BRDA:49,21,0,0
BRDA:49,22,0,12
BRDA:49,23,0,15
BRDA:49,24,0,15
BRDA:49,25,0,0
BRDA:49,26,0,32
BRDA:49,27,0,0
BRDA:49,28,0,0
BRDA:49,29,0,0
BRDA:49,30,0,0
BRDA:49,31,0,15
BRDA:49,32,0,15
BRDA:49,33,0,11
BRDA:49,34,0,0
BRDA:49,35,0,0
BRDA:49,36,0,6
BRDA:49,37,0,0
BRDA:49,38,0,5
BRDA:49,39,0,4
BRDA:49,40,0,2
BRDA:49,41,0,0
BRDA:49,42,0,2
BRDA:49,43,0,0
BRDA:49,44,0,0
BRDA:49,45,0,0
BRDA:49,46,0,17
BRDA:49,47,0,16
BRDA:49,48,0,1
BRDA:49,49,0,17
BRDA:49,50,0,4
BRDA:49,51,0,1
BRDA:49,52,0,3
BRDA:49,53,0,0
BRDA:49,54,0,1
BRDA:49,55,0,0
BRDA:15,56,0,1
BRDA:16,57,0,3
BRDA:24,58,0,4
BRDA:49,59,0,4
BRDA:49,60,0,17
BRDA:26,61,0,4
BRDA:49,62,0,4
BRDA:28,63,0,1
BRDA:33,64,0,3
BRDA:35,65,0,2
BRDA:35,66,0,1
BRDA:49,67,0,1
BRDA:39,68,0,3
BRDA:49,69,0,3
BRDA:49,70,0,3
BRF:71
BRH:51
end_of_record
